2022-01-25 10:00:59,181 DEBUG pickle loaded: C:\Users\tanda\AppData\Roaming\Python\Python37\site-packages\jedi\third_party\typeshed\stdlib\3\builtins.pyi
2022-01-25 10:00:59,213 DEBUG pickle loaded: C:\ProgramData\Anaconda3\lib\typing.py
2022-01-25 10:00:59,229 DEBUG pickle loaded: C:\Users\tanda\AppData\Roaming\Python\Python37\site-packages\jedi\third_party\typeshed\stdlib\3\typing.pyi
2022-01-25 10:00:59,309 DEBUG pickle loaded: C:\Users\tanda\AppData\Roaming\Python\Python37\site-packages\jedi\third_party\typeshed\stdlib\3\sys.pyi
2022-01-25 11:19:56,567 INFO This is the start of the function LCM
2022-01-25 11:19:56,567 INFO This is the start of the function fact()
2022-01-25 11:19:56,567 INFO Function has successfully executed
2022-01-25 11:19:56,567 INFO This is the start of the function fact()
2022-01-25 11:19:56,567 INFO Function has successfully executed
2022-01-25 11:19:56,568 INFO LCM() function has successfully completed
2022-01-25 11:20:32,438 INFO This is the start of the function LCM
2022-01-25 11:20:32,439 ERROR Error has occured
2022-01-25 11:20:32,439 ERROR local variable 'l1' referenced before assignment
Traceback (most recent call last):
  File "<ipython-input-10-49e9a374ae3c>", line 21, in LCM
    print(l1)
UnboundLocalError: local variable 'l1' referenced before assignment
2022-01-25 11:20:38,163 INFO This is the start of the function LCM
2022-01-25 11:20:38,164 ERROR Error has occured
2022-01-25 11:20:38,164 ERROR local variable 'l1' referenced before assignment
Traceback (most recent call last):
  File "<ipython-input-11-49e9a374ae3c>", line 21, in LCM
    print(l1)
UnboundLocalError: local variable 'l1' referenced before assignment
2022-01-25 11:20:48,775 INFO This is the start of the function LCM
2022-01-25 11:20:48,775 INFO This is the start of the function fact()
2022-01-25 11:20:48,775 INFO Function has successfully executed
2022-01-25 11:20:48,776 INFO This is the start of the function fact()
2022-01-25 11:20:48,776 INFO Function has successfully executed
2022-01-25 11:20:48,776 INFO LCM() function has successfully completed
2022-01-25 11:21:07,435 INFO This is the start of the function LCM
2022-01-25 11:21:07,436 INFO This is the start of the function fact()
2022-01-25 11:21:07,436 INFO Function has successfully executed
2022-01-25 11:21:07,436 INFO This is the start of the function fact()
2022-01-25 11:21:07,436 INFO Function has successfully executed
2022-01-25 11:21:07,437 INFO LCM() function has successfully completed
2022-01-25 11:23:29,129 INFO This is the start of the function LCM
2022-01-25 11:23:29,130 INFO This is the start of the function fact()
2022-01-25 11:23:29,130 INFO Function has successfully executed
2022-01-25 11:23:29,130 INFO This is the start of the function fact()
2022-01-25 11:23:29,130 INFO Function has successfully executed
2022-01-25 11:23:29,130 INFO LCM() function has successfully completed
2022-01-25 11:23:37,837 INFO This is the start of the function LCM
2022-01-25 11:23:37,838 INFO This is the start of the function fact()
2022-01-25 11:23:37,838 INFO Function has successfully executed
2022-01-25 11:23:37,838 INFO This is the start of the function fact()
2022-01-25 11:23:37,839 INFO Function has successfully executed
2022-01-25 11:23:37,839 INFO LCM() function has successfully completed
2022-01-25 11:34:20,179 INFO This is the start of the function LCM
2022-01-25 11:34:20,180 ERROR Error has occured
2022-01-25 11:34:20,180 ERROR name 'a' is not defined
Traceback (most recent call last):
  File "<ipython-input-18-9bdb7c36c8d2>", line 20, in LCM
    LCM = (a / gcd(a,b))* b
NameError: name 'a' is not defined
2022-01-25 11:35:13,330 INFO This is the start of the function LCM
2022-01-25 11:35:13,331 INFO This is the start of the function gcd()
2022-01-25 11:35:13,331 INFO This is the start of the function gcd()
2022-01-25 11:35:13,332 ERROR Error has occured
2022-01-25 11:35:13,332 ERROR unsupported operand type(s) for /: 'int' and 'NoneType'
Traceback (most recent call last):
  File "<ipython-input-19-669ea6a3c5ef>", line 20, in LCM
    LCM = (m / gcd(m,n))* n
TypeError: unsupported operand type(s) for /: 'int' and 'NoneType'
2022-01-25 11:35:15,849 INFO This is the start of the function LCM
2022-01-25 11:35:15,849 INFO This is the start of the function gcd()
2022-01-25 11:35:15,849 INFO This is the start of the function gcd()
2022-01-25 11:35:15,849 ERROR Error has occured
2022-01-25 11:35:15,850 ERROR unsupported operand type(s) for /: 'int' and 'NoneType'
Traceback (most recent call last):
  File "<ipython-input-20-669ea6a3c5ef>", line 20, in LCM
    LCM = (m / gcd(m,n))* n
TypeError: unsupported operand type(s) for /: 'int' and 'NoneType'
2022-01-25 11:36:11,373 INFO This is the start of the function LCM
2022-01-25 11:36:11,374 INFO This is the start of the function gcd()
2022-01-25 11:36:11,374 INFO This is the start of the function gcd()
2022-01-25 11:36:24,077 INFO This is the start of the function LCM
2022-01-25 11:36:24,078 INFO This is the start of the function gcd()
2022-01-25 11:36:24,078 INFO This is the start of the function gcd()
2022-01-25 11:36:24,078 INFO This is the start of the function gcd()
2022-01-25 11:36:24,079 INFO This is the start of the function gcd()
2022-01-25 11:36:24,079 INFO This is the start of the function gcd()
2022-01-25 11:38:18,820 DEBUG pickle loaded: C:\Users\tanda\AppData\Roaming\Python\Python37\site-packages\jedi\third_party\typeshed\stdlib\3\builtins.pyi
2022-01-25 11:38:18,845 DEBUG pickle loaded: C:\ProgramData\Anaconda3\lib\typing.py
2022-01-25 11:38:18,861 DEBUG pickle loaded: C:\Users\tanda\AppData\Roaming\Python\Python37\site-packages\jedi\third_party\typeshed\stdlib\3\typing.pyi
2022-01-25 11:38:18,924 DEBUG pickle loaded: C:\Users\tanda\AppData\Roaming\Python\Python37\site-packages\jedi\third_party\typeshed\stdlib\3\sys.pyi
2022-01-25 11:58:45,653 INFO This is the start of the function gcd()
2022-01-25 11:58:45,654 INFO This is the start of the function gcd()
2022-01-25 11:58:45,654 INFO This is the start of the function gcd()
2022-01-25 12:07:17,168 INFO This is the start of the function Binary()
2022-01-25 12:07:17,168 ERROR Binary function has encountered error
2022-01-25 12:07:17,168 ERROR name 'num' is not defined
Traceback (most recent call last):
  File "<ipython-input-27-6c72c106c8c0>", line 9, in Binary
    lst.append(num%2)
NameError: name 'num' is not defined
2022-01-25 12:09:01,744 INFO This is the start of the function Binary()
2022-01-25 12:09:01,745 ERROR Binary function has encountered error
2022-01-25 12:09:01,745 ERROR name 'num' is not defined
Traceback (most recent call last):
  File "<ipython-input-30-aae0a6ca8dce>", line 10, in Binary
    lst.append(num%2)
NameError: name 'num' is not defined
2022-01-25 12:09:36,215 INFO This is the start of the function Binary()
2022-01-25 12:10:38,965 INFO This is the start of the function Binary()
2022-01-25 12:25:59,233 INFO This is the start of the function Binary()
2022-01-25 12:25:59,234 INFO This is the start of the function octal()
2022-01-25 12:26:12,662 INFO This is the start of the function Binary()
2022-01-25 12:26:12,663 INFO This is the start of the function octal()
2022-01-25 12:26:38,475 INFO This is the start of the function Binary()
2022-01-25 12:26:38,476 INFO This is the start of the function octal()
2022-01-25 12:26:54,575 INFO This is the start of the function Binary()
2022-01-25 12:26:54,576 INFO This is the start of the function octal()
2022-01-25 12:27:05,577 INFO This is the start of the function Binary()
2022-01-25 12:27:05,577 INFO This is the start of the function octal()
2022-01-25 12:30:52,233 INFO This is the start of the function Binary()
2022-01-25 12:30:52,234 INFO This is the start of the function octal()
2022-01-25 12:30:52,236 INFO This is the start of the function Hexadecimal()
2022-01-25 12:31:10,552 INFO This is the start of the function Binary()
2022-01-25 12:31:10,553 INFO This is the start of the function octal()
2022-01-25 12:31:10,554 INFO This is the start of the function Hexadecimal()
2022-01-25 12:32:08,729 INFO This is the start of the function Binary()
2022-01-25 12:32:24,902 INFO This is the start of the function Binary()
2022-01-25 12:32:33,133 INFO This is the start of the function Binary()
2022-01-25 12:32:35,018 INFO This is the start of the function Binary()
2022-01-25 12:32:51,874 INFO This is the start of the function Binary()
2022-01-25 12:33:02,810 INFO This is the start of the function Binary()
2022-01-25 12:33:12,801 INFO This is the start of the function Binary()
2022-01-25 12:33:12,801 INFO This is the start of the function octal()
2022-01-25 12:33:12,802 INFO This is the start of the function Hexadecimal()
2022-01-25 12:33:19,427 INFO This is the start of the function Binary()
2022-01-25 12:33:36,220 INFO This is the start of the function Binary()
2022-01-25 12:33:36,221 INFO This is the start of the function octal()
2022-01-25 12:33:36,222 INFO This is the start of the function Hexadecimal()
2022-01-25 12:34:22,336 INFO This is the start of the function Binary()
2022-01-25 12:34:22,338 INFO This is the start of the function octal()
2022-01-25 12:34:22,338 INFO This is the start of the function Hexadecimal()
2022-01-25 12:34:22,339 INFO This is the start of the function octal()
2022-01-25 12:34:22,340 INFO This is the start of the function Hexadecimal()
2022-01-25 12:34:45,081 INFO This is the start of the function Binary()
2022-01-25 12:34:45,082 INFO This is the start of the function octal()
2022-01-25 12:34:45,082 INFO This is the start of the function Hexadecimal()
2022-01-25 12:34:45,083 INFO This is the start of the function octal()
2022-01-25 12:34:45,083 INFO This is the start of the function Hexadecimal()
2022-01-25 12:35:13,962 INFO This is the start of the function Binary()
2022-01-25 12:35:13,963 INFO This is the start of the function octal()
2022-01-25 12:35:13,964 INFO This is the start of the function Hexadecimal()
2022-01-25 12:35:20,895 INFO This is the start of the function Binary()
2022-01-25 12:35:20,896 INFO This is the start of the function octal()
2022-01-25 12:35:20,897 INFO This is the start of the function Hexadecimal()
2022-01-25 12:39:22,005 INFO This is the start of the function Asciiv
2022-01-25 12:56:48,422 ERROR Program has encountered error
2022-01-25 12:56:48,423 ERROR name 'enter' is not defined
Traceback (most recent call last):
  File "<ipython-input-15-ab686728694d>", line 43, in <module>
    num1 = int(enter("Enter the first number"))
NameError: name 'enter' is not defined
2022-01-25 12:57:55,202 INFO This is the start of the function Division
2022-01-25 12:58:38,820 INFO This is the start of the function LCM
2022-01-25 12:58:38,820 INFO This is the start of the function gcd()
2022-01-25 12:58:38,820 INFO This is the start of the function gcd()
2022-01-25 12:58:38,821 INFO This is the start of the function gcd()
2022-01-25 12:58:38,821 INFO This is the start of the function gcd()
2022-01-25 12:58:38,821 INFO This is the start of the function gcd()
2022-01-25 12:58:38,835 INFO This is the start of the function gcd()
2022-01-25 12:58:38,836 INFO This is the start of the function gcd()
2022-01-25 12:58:38,836 INFO This is the start of the function gcd()
2022-01-25 12:58:38,856 INFO This is the start of the function Binary()
2022-01-25 12:58:38,856 INFO This is the start of the function octal()
2022-01-25 12:58:38,857 INFO This is the start of the function Hexadecimal()
2022-01-25 12:58:38,865 INFO This is the start of the function Asciiv
2022-01-25 12:58:45,946 INFO This is the start of the function Division
